<?xml version="1.0" encoding="UTF-8"?>
<!-- Generated by org.testng.reporters.JUnitReportReporter -->
<testsuite hostname="LAPTOP-N8TGRLUB" failures="0" tests="7" name="runners.MainRunner" time="103.640" errors="0" timestamp="2024-04-24T16:32:29 EDT" skipped="0">
  <testcase classname="runners.MainRunner" name="runScenario" time="5.839"/>
  <testcase classname="runners.MainRunner" name="runScenario" time="19.300"/>
  <testcase classname="runners.MainRunner" name="runScenario" time="17.896"/>
  <testcase classname="runners.MainRunner" name="runScenario" time="19.269"/>
  <testcase classname="runners.MainRunner" name="runScenario" time="17.718"/>
  <testcase classname="runners.MainRunner" name="runScenario" time="17.718"/>
  <testcase classname="runners.MainRunner" name="runScenario" time="5.900"/>
</testsuite> <!-- runners.MainRunner -->
